#
# There is insufficient memory for the Java Runtime Environment to continue.
# Native memory allocation (mmap) failed to map 11534336 bytes for G1 virtual space
# Possible reasons:
#   The system is out of physical RAM or swap space
#   The process is running with CompressedOops enabled, and the Java Heap may be blocking the growth of the native heap
# Possible solutions:
#   Reduce memory load on the system
#   Increase physical memory or swap space
#   Check if swap backing store is full
#   Decrease Java heap size (-Xmx/-Xms)
#   Decrease number of Java threads
#   Decrease Java thread stack sizes (-Xss)
#   Set larger code cache with -XX:ReservedCodeCacheSize=
#   JVM is running with Unscaled Compressed Oops mode in which the Java heap is
#     placed in the first 4GB address space. The Java Heap base address is the
#     maximum limit for the native heap growth. Please use -XX:HeapBaseMinAddress
#     to set the Java Heap base and to place the Java Heap above 4GB virtual address.
# This output file may be truncated or incomplete.
#
#  Out of Memory Error (os_windows.cpp:3527), pid=30692, tid=14636
#
# JRE version: Java(TM) SE Runtime Environment (19.0+36) (build 19+36-2238)
# Java VM: Java HotSpot(TM) 64-Bit Server VM (19+36-2238, mixed mode, emulated-client, sharing, tiered, compressed oops, compressed class ptrs, g1 gc, windows-amd64)
# No core dump will be written. Minidumps are not enabled by default on client versions of Windows
#

---------------  S U M M A R Y ------------

Command Line: -XX:TieredStopAtLevel=1 -Dspring.output.ansi.enabled=always -Dcom.sun.management.jmxremote -Dspring.jmx.enabled=true -Dspring.liveBeansView.mbeanDomain -Dspring.application.admin.enabled=true -Dmanagement.endpoints.jmx.exposure.include=* -javaagent:E:\IntelliJ IDEA 2023.2\lib\idea_rt.jar=52180:E:\IntelliJ IDEA 2023.2\bin -Dfile.encoding=UTF-8 -Dsun.stdout.encoding=UTF-8 -Dsun.stderr.encoding=UTF-8 com.truthwear.truthwear.TruthWearApplication

Host: AMD Ryzen 5 5500U with Radeon Graphics         , 12 cores, 5G,  Windows 11 , 64 bit Build 22621 (10.0.22621.2506)
Time: Thu Dec 21 13:31:51 2023 India Standard Time elapsed time: 129.716089 seconds (0d 0h 2m 9s)

---------------  T H R E A D  ---------------

Current thread (0x0000025fdc328440):  VMThread "VM Thread" [stack: 0x000000edc5100000,0x000000edc5200000] [id=14636]

Stack: [0x000000edc5100000,0x000000edc5200000]
Native frames: (J=compiled Java code, j=interpreted, Vv=VM code, C=native code)
V  [jvm.dll+0x6ee8fa]
V  [jvm.dll+0x857a1e]
V  [jvm.dll+0x85940e]
V  [jvm.dll+0x859ac3]
V  [jvm.dll+0x28291f]
V  [jvm.dll+0x6eb6e9]
V  [jvm.dll+0x6e028a]
V  [jvm.dll+0x357136]
V  [jvm.dll+0x35eb96]
V  [jvm.dll+0x3b555e]
V  [jvm.dll+0x3b578f]
V  [jvm.dll+0x32c6ea]
V  [jvm.dll+0x32c797]
V  [jvm.dll+0x374b52]
V  [jvm.dll+0x37328f]
V  [jvm.dll+0x32bf10]
V  [jvm.dll+0x37282b]
V  [jvm.dll+0x85ef83]
V  [jvm.dll+0x85fd49]
V  [jvm.dll+0x86027d]
V  [jvm.dll+0x86070b]
V  [jvm.dll+0x8607c7]
V  [jvm.dll+0x8015fa]
V  [jvm.dll+0x6ed5eb]
C  [ucrtbase.dll+0x29363]
C  [KERNEL32.DLL+0x1257d]
C  [ntdll.dll+0x5aa58]

VM_Operation (0x000000edc80fce10): G1CollectForAllocation, mode: safepoint, requested by thread 0x0000025fe2b34200


---------------  P R O C E S S  ---------------

Threads class SMR info:
_java_thread_list=0x0000025fe265a5e0, length=33, elements={
0x0000025fdc341ad0, 0x0000025fdc3428c0, 0x0000025fdc345a20, 0x0000025fdc348620,
0x0000025fdc349f60, 0x0000025fdc34a890, 0x0000025fdc34d7e0, 0x0000025fdc351a60,
0x0000025fdc312510, 0x0000025fe0954840, 0x0000025fe09571a0, 0x0000025fe0ad8ea0,
0x0000025fe2135da0, 0x0000025fe2463fd0, 0x0000025fe2f654b0, 0x0000025fe2f65f50,
0x0000025fe2f65a00, 0x0000025fe2f644c0, 0x0000025fe2f664a0, 0x0000025fe2f669f0,
0x0000025fe2f64a10, 0x0000025fe2f66f40, 0x0000025fe2f63a20, 0x0000025fe2f63f70,
0x0000025fe2b37720, 0x0000025fe2b30ce0, 0x0000025fe2b35c90, 0x0000025fe2b35740,
0x0000025fe2b34750, 0x0000025fe2b34200, 0x0000025fe2b33cb0, 0x0000025fe2b381c0,
0x0000025fe2b37c70
}

Java Threads: ( => current thread )
  0x0000025fdc341ad0 JavaThread "Reference Handler" daemon [_thread_blocked, id=22904, stack(0x000000edc5200000,0x000000edc5300000)]
  0x0000025fdc3428c0 JavaThread "Finalizer" daemon [_thread_blocked, id=12608, stack(0x000000edc5300000,0x000000edc5400000)]
  0x0000025fdc345a20 JavaThread "Signal Dispatcher" daemon [_thread_blocked, id=27268, stack(0x000000edc5400000,0x000000edc5500000)]
  0x0000025fdc348620 JavaThread "Attach Listener" daemon [_thread_blocked, id=3036, stack(0x000000edc5500000,0x000000edc5600000)]
  0x0000025fdc349f60 JavaThread "Service Thread" daemon [_thread_blocked, id=30104, stack(0x000000edc5600000,0x000000edc5700000)]
  0x0000025fdc34a890 JavaThread "Monitor Deflation Thread" daemon [_thread_blocked, id=30604, stack(0x000000edc5700000,0x000000edc5800000)]
  0x0000025fdc34d7e0 JavaThread "C1 CompilerThread0" daemon [_thread_blocked, id=19448, stack(0x000000edc5800000,0x000000edc5900000)]
  0x0000025fdc351a60 JavaThread "Sweeper thread" daemon [_thread_blocked, id=30868, stack(0x000000edc5900000,0x000000edc5a00000)]
  0x0000025fdc312510 JavaThread "Common-Cleaner" daemon [_thread_blocked, id=2500, stack(0x000000edc5a00000,0x000000edc5b00000)]
  0x0000025fe0954840 JavaThread "Monitor Ctrl-Break" daemon [_thread_in_native, id=26496, stack(0x000000edc5c00000,0x000000edc5d00000)]
  0x0000025fe09571a0 JavaThread "Notification Thread" daemon [_thread_blocked, id=26336, stack(0x000000edc5d00000,0x000000edc5e00000)]
  0x0000025fe0ad8ea0 JavaThread "RMI TCP Accept-0" daemon [_thread_in_native, id=31572, stack(0x000000edc5e00000,0x000000edc5f00000)]
  0x0000025fe2135da0 JavaThread "mysql-cj-abandoned-connection-cleanup" daemon [_thread_blocked, id=26852, stack(0x000000edc6d00000,0x000000edc6e00000)]
  0x0000025fe2463fd0 JavaThread "HikariPool-1 housekeeper" daemon [_thread_blocked, id=28976, stack(0x000000edc6f00000,0x000000edc7000000)]
  0x0000025fe2f654b0 JavaThread "RMI Scheduler(0)" daemon [_thread_blocked, id=24172, stack(0x000000edc7200000,0x000000edc7300000)]
  0x0000025fe2f65f50 JavaThread "Catalina-utility-1" [_thread_blocked, id=28732, stack(0x000000edc7000000,0x000000edc7100000)]
  0x0000025fe2f65a00 JavaThread "Catalina-utility-2" [_thread_blocked, id=15076, stack(0x000000edc7300000,0x000000edc7400000)]
  0x0000025fe2f644c0 JavaThread "container-0" [_thread_blocked, id=31352, stack(0x000000edc7400000,0x000000edc7500000)]
  0x0000025fe2f664a0 JavaThread "File Watcher" daemon [_thread_blocked, id=23952, stack(0x000000edc7500000,0x000000edc7600000)]
  0x0000025fe2f669f0 JavaThread "Live Reload Server" daemon [_thread_in_native, id=12544, stack(0x000000edc7600000,0x000000edc7700000)]
  0x0000025fe2f64a10 JavaThread "http-nio-8080-exec-1" daemon [_thread_blocked, id=26928, stack(0x000000edc7700000,0x000000edc7800000)]
  0x0000025fe2f66f40 JavaThread "http-nio-8080-exec-2" daemon [_thread_blocked, id=25960, stack(0x000000edc7800000,0x000000edc7900000)]
  0x0000025fe2f63a20 JavaThread "http-nio-8080-exec-3" daemon [_thread_blocked, id=29688, stack(0x000000edc7900000,0x000000edc7a00000)]
  0x0000025fe2f63f70 JavaThread "http-nio-8080-exec-4" daemon [_thread_blocked, id=29692, stack(0x000000edc7a00000,0x000000edc7b00000)]
  0x0000025fe2b37720 JavaThread "http-nio-8080-exec-5" daemon [_thread_blocked, id=26968, stack(0x000000edc7b00000,0x000000edc7c00000)]
  0x0000025fe2b30ce0 JavaThread "http-nio-8080-exec-6" daemon [_thread_blocked, id=1888, stack(0x000000edc7c00000,0x000000edc7d00000)]
  0x0000025fe2b35c90 JavaThread "http-nio-8080-exec-7" daemon [_thread_blocked, id=29036, stack(0x000000edc7d00000,0x000000edc7e00000)]
  0x0000025fe2b35740 JavaThread "http-nio-8080-exec-8" daemon [_thread_blocked, id=18640, stack(0x000000edc7e00000,0x000000edc7f00000)]
  0x0000025fe2b34750 JavaThread "http-nio-8080-exec-9" daemon [_thread_blocked, id=21232, stack(0x000000edc7f00000,0x000000edc8000000)]
  0x0000025fe2b34200 JavaThread "http-nio-8080-exec-10" daemon [_thread_blocked, id=29876, stack(0x000000edc8000000,0x000000edc8100000)]
  0x0000025fe2b33cb0 JavaThread "http-nio-8080-Poller" daemon [_thread_blocked, id=5724, stack(0x000000edc8100000,0x000000edc8200000)]
  0x0000025fe2b381c0 JavaThread "http-nio-8080-Acceptor" daemon [_thread_in_native, id=6108, stack(0x000000edc8200000,0x000000edc8300000)]
  0x0000025fe2b37c70 JavaThread "DestroyJavaVM" [_thread_blocked, id=27284, stack(0x000000edc4b00000,0x000000edc4c00000)]

Other Threads:
=>0x0000025fdc328440 VMThread "VM Thread" [stack: 0x000000edc5100000,0x000000edc5200000] [id=14636]
  0x0000025fc8cd25d0 WatcherThread "VM Periodic Task Thread" [stack: 0x000000edc5f00000,0x000000edc6000000] [id=24936]
  0x0000025fc8d21350 WorkerThread "GC Thread#0" [stack: 0x000000edc4c00000,0x000000edc4d00000] [id=17004]
  0x0000025fe0e84440 WorkerThread "GC Thread#1" [stack: 0x000000edc6000000,0x000000edc6100000] [id=20628]
  0x0000025fe0eb62f0 WorkerThread "GC Thread#2" [stack: 0x000000edc6100000,0x000000edc6200000] [id=28160]
  0x0000025fe0eb7c90 WorkerThread "GC Thread#3" [stack: 0x000000edc6200000,0x000000edc6300000] [id=12564]
  0x0000025fe0eb7f60 WorkerThread "GC Thread#4" [stack: 0x000000edc6300000,0x000000edc6400000] [id=5968]
  0x0000025fe0eb79c0 WorkerThread "GC Thread#5" [stack: 0x000000edc6400000,0x000000edc6500000] [id=26868]
  0x0000025fe0eb7420 WorkerThread "GC Thread#6" [stack: 0x000000edc6500000,0x000000edc6600000] [id=27216]
  0x0000025fe0eb8230 WorkerThread "GC Thread#7" [stack: 0x000000edc6900000,0x000000edc6a00000] [id=7616]
  0x0000025fe0eb68e0 WorkerThread "GC Thread#8" [stack: 0x000000edc6a00000,0x000000edc6b00000] [id=1924]
  0x0000025fe0eb6bb0 WorkerThread "GC Thread#9" [stack: 0x000000edc6b00000,0x000000edc6c00000] [id=25508]
  0x0000025fc8d2af10 ConcurrentGCThread "G1 Main Marker" [stack: 0x000000edc4d00000,0x000000edc4e00000] [id=19976]
  0x0000025fc8d2bae0 WorkerThread "G1 Conc#0" [stack: 0x000000edc4e00000,0x000000edc4f00000] [id=30264]
  0x0000025fe1bad670 WorkerThread "G1 Conc#1" [stack: 0x000000edc6800000,0x000000edc6900000] [id=20656]
  0x0000025fe1bacb30 WorkerThread "G1 Conc#2" [stack: 0x000000edc6c00000,0x000000edc6d00000] [id=5612]
  0x0000025fdc1e20c0 ConcurrentGCThread "G1 Refine#0" [stack: 0x000000edc4f00000,0x000000edc5000000] [id=16436]
  0x0000025fdc1e2c00 ConcurrentGCThread "G1 Service" [stack: 0x000000edc5000000,0x000000edc5100000] [id=10260]

Threads with active compile tasks:
C1 CompilerThread0   129830 10171       1       ch.qos.logback.classic.spi.ThrowableProxy::<init> (288 bytes)

VM state: at safepoint (normal execution)

VM Mutex/Monitor currently owned by a thread:  ([mutex/lock_event])
[0x0000025fc8ccb8a0] Threads_lock - owner thread: 0x0000025fdc328440
[0x0000025fc8cccbc0] Heap_lock - owner thread: 0x0000025fe2b34200

Heap address: 0x00000000a2600000, size: 1498 MB, Compressed Oops mode: 32-bit

CDS archive(s) mapped at: [0x0000000800000000-0x0000000800c40000-0x0000000800c40000), size 12845056, SharedBaseAddress: 0x0000000800000000, ArchiveRelocationMode: 0.
Compressed class space mapped at: 0x0000000801000000-0x0000000841000000, reserved size: 1073741824
Narrow klass base: 0x0000000800000000, Narrow klass shift: 0, Narrow klass range: 0x100000000

GC Precious Log:
 CardTable entry size: 512
 Card Set container configuration: InlinePtr #cards 5 size 8 Array Of Cards #cards 12 size 40 Howl #buckets 4 coarsen threshold 1843 Howl Bitmap #cards 512 size 80 coarsen threshold 460 Card regions per heap region 1 cards per card region 2048
 CPUs: 12 total, 12 available
 Memory: 5989M
 Large Page Support: Disabled
 NUMA Support: Disabled
 Compressed Oops: Enabled (32-bit)
 Heap Region Size: 1M
 Heap Min Capacity: 8M
 Heap Initial Capacity: 94M
 Heap Max Capacity: 1498M
 Pre-touch: Disabled
 Parallel Workers: 10
 Concurrent Workers: 3
 Concurrent Refinement Workers: 10
 Periodic GC: Disabled

Heap:
 garbage-first heap   total 84992K, used 38993K [0x00000000a2600000, 0x0000000100000000)
  region size 1024K, 1 young (1024K), 1 survivors (1024K)
 Metaspace       used 68543K, committed 69440K, reserved 1114112K
  class space    used 9670K, committed 10112K, reserved 1048576K

Heap Regions: E=young(eden), S=young(survivor), O=old, HS=humongous(starts), HC=humongous(continues), CS=collection set, F=free, OA=open archive, CA=closed archive, TAMS=top-at-mark-start (previous, next)
|   0|0x00000000a2600000, 0x00000000a2700000, 0x00000000a2700000|100%|HS|  |TAMS 0x00000000a2700000, 0x00000000a2600000| Complete 
|   1|0x00000000a2700000, 0x00000000a2800000, 0x00000000a2800000|100%| O|  |TAMS 0x00000000a2800000, 0x00000000a2700000| Untracked 
|   2|0x00000000a2800000, 0x00000000a2900000, 0x00000000a2900000|100%| O|  |TAMS 0x00000000a2900000, 0x00000000a2800000| Untracked 
|   3|0x00000000a2900000, 0x00000000a2a00000, 0x00000000a2a00000|100%| O|  |TAMS 0x00000000a2a00000, 0x00000000a2900000| Untracked 
|   4|0x00000000a2a00000, 0x00000000a2b00000, 0x00000000a2b00000|100%| O|  |TAMS 0x00000000a2b00000, 0x00000000a2a00000| Untracked 
|   5|0x00000000a2b00000, 0x00000000a2c00000, 0x00000000a2c00000|100%| O|  |TAMS 0x00000000a2c00000, 0x00000000a2b00000| Untracked 
|   6|0x00000000a2c00000, 0x00000000a2d00000, 0x00000000a2d00000|100%| O|  |TAMS 0x00000000a2d00000, 0x00000000a2c00000| Untracked 
|   7|0x00000000a2d00000, 0x00000000a2e00000, 0x00000000a2e00000|100%| O|  |TAMS 0x00000000a2e00000, 0x00000000a2d00000| Untracked 
|   8|0x00000000a2e00000, 0x00000000a2f00000, 0x00000000a2f00000|100%| O|  |TAMS 0x00000000a2f00000, 0x00000000a2e00000| Untracked 
|   9|0x00000000a2f00000, 0x00000000a3000000, 0x00000000a3000000|100%| O|  |TAMS 0x00000000a3000000, 0x00000000a2f00000| Untracked 
|  10|0x00000000a3000000, 0x00000000a3100000, 0x00000000a3100000|100%| O|  |TAMS 0x00000000a3100000, 0x00000000a3000000| Untracked 
|  11|0x00000000a3100000, 0x00000000a3200000, 0x00000000a3200000|100%| O|  |TAMS 0x00000000a3200000, 0x00000000a3100000| Untracked 
|  12|0x00000000a3200000, 0x00000000a3300000, 0x00000000a3300000|100%| O|  |TAMS 0x00000000a3300000, 0x00000000a3200000| Untracked 
|  13|0x00000000a3300000, 0x00000000a3400000, 0x00000000a3400000|100%| O|  |TAMS 0x00000000a3400000, 0x00000000a3300000| Untracked 
|  14|0x00000000a3400000, 0x00000000a3500000, 0x00000000a3500000|100%| O|  |TAMS 0x00000000a3500000, 0x00000000a3400000| Untracked 
|  15|0x00000000a3500000, 0x00000000a3600000, 0x00000000a3600000|100%| O|  |TAMS 0x00000000a3600000, 0x00000000a3500000| Untracked 
|  16|0x00000000a3600000, 0x00000000a3700000, 0x00000000a3700000|100%| O|  |TAMS 0x00000000a3600000, 0x00000000a3600000| Untracked 
|  17|0x00000000a3700000, 0x00000000a3800000, 0x00000000a3800000|100%| O|  |TAMS 0x00000000a3800000, 0x00000000a3700000| Untracked 
|  18|0x00000000a3800000, 0x00000000a3900000, 0x00000000a3900000|100%| O|  |TAMS 0x00000000a3800000, 0x00000000a3800000| Untracked 
|  19|0x00000000a3900000, 0x00000000a3a00000, 0x00000000a3a00000|100%| O|  |TAMS 0x00000000a3a00000, 0x00000000a3900000| Untracked 
|  20|0x00000000a3a00000, 0x00000000a3b00000, 0x00000000a3b00000|100%| O|  |TAMS 0x00000000a3b00000, 0x00000000a3a00000| Untracked 
|  21|0x00000000a3b00000, 0x00000000a3c00000, 0x00000000a3c00000|100%| O|  |TAMS 0x00000000a3c00000, 0x00000000a3b00000| Untracked 
|  22|0x00000000a3c00000, 0x00000000a3d00000, 0x00000000a3d00000|100%| O|  |TAMS 0x00000000a3d00000, 0x00000000a3c00000| Untracked 
|  23|0x00000000a3d00000, 0x00000000a3e00000, 0x00000000a3e00000|100%| O|  |TAMS 0x00000000a3e00000, 0x00000000a3d00000| Untracked 
|  24|0x00000000a3e00000, 0x00000000a3f00000, 0x00000000a3f00000|100%| O|  |TAMS 0x00000000a3f00000, 0x00000000a3e00000| Untracked 
|  25|0x00000000a3f00000, 0x00000000a4000000, 0x00000000a4000000|100%| O|  |TAMS 0x00000000a4000000, 0x00000000a3f00000| Untracked 
|  26|0x00000000a4000000, 0x00000000a4100000, 0x00000000a4100000|100%| O|  |TAMS 0x00000000a4100000, 0x00000000a4000000| Untracked 
|  27|0x00000000a4100000, 0x00000000a4200000, 0x00000000a4200000|100%| O|  |TAMS 0x00000000a4200000, 0x00000000a4100000| Untracked 
|  28|0x00000000a4200000, 0x00000000a4300000, 0x00000000a4300000|100%| O|  |TAMS 0x00000000a4300000, 0x00000000a4200000| Untracked 
|  29|0x00000000a4300000, 0x00000000a4400000, 0x00000000a4400000|100%| O|  |TAMS 0x00000000a4398600, 0x00000000a4300000| Untracked 
|  30|0x00000000a4400000, 0x00000000a4500000, 0x00000000a4500000|100%| O|  |TAMS 0x00000000a4400000, 0x00000000a4400000| Untracked 
|  31|0x00000000a4500000, 0x00000000a4600000, 0x00000000a4600000|100%| O|  |TAMS 0x00000000a4500000, 0x00000000a4500000| Untracked 
|  32|0x00000000a4600000, 0x00000000a4700000, 0x00000000a4700000|100%| O|  |TAMS 0x00000000a4600000, 0x00000000a4600000| Untracked 
|  33|0x00000000a4700000, 0x00000000a4800000, 0x00000000a4800000|100%| O|  |TAMS 0x00000000a4700000, 0x00000000a4700000| Untracked 
|  34|0x00000000a4800000, 0x00000000a4900000, 0x00000000a4900000|100%| O|  |TAMS 0x00000000a4800000, 0x00000000a4800000| Untracked 
|  35|0x00000000a4900000, 0x00000000a4a00000, 0x00000000a4a00000|100%| O|  |TAMS 0x00000000a4900000, 0x00000000a4900000| Untracked 
|  36|0x00000000a4a00000, 0x00000000a4b00000, 0x00000000a4b00000|100%| O|  |TAMS 0x00000000a4a00000, 0x00000000a4a00000| Untracked 
|  37|0x00000000a4b00000, 0x00000000a4bd3a00, 0x00000000a4c00000| 82%| O|  |TAMS 0x00000000a4b00000, 0x00000000a4b00000| Untracked 
|  38|0x00000000a4c00000, 0x00000000a4c00000, 0x00000000a4d00000|  0%| F|  |TAMS 0x00000000a4c00000, 0x00000000a4c00000| Untracked 
|  39|0x00000000a4d00000, 0x00000000a4d00000, 0x00000000a4e00000|  0%| F|  |TAMS 0x00000000a4d00000, 0x00000000a4d00000| Untracked 
|  40|0x00000000a4e00000, 0x00000000a4e00000, 0x00000000a4f00000|  0%| F|  |TAMS 0x00000000a4e00000, 0x00000000a4e00000| Untracked 
|  41|0x00000000a4f00000, 0x00000000a4f00000, 0x00000000a5000000|  0%| F|  |TAMS 0x00000000a4f00000, 0x00000000a4f00000| Untracked 
|  42|0x00000000a5000000, 0x00000000a5000000, 0x00000000a5100000|  0%| F|  |TAMS 0x00000000a5000000, 0x00000000a5000000| Untracked 
|  43|0x00000000a5100000, 0x00000000a5100000, 0x00000000a5200000|  0%| F|  |TAMS 0x00000000a5100000, 0x00000000a5100000| Untracked 
|  44|0x00000000a5200000, 0x00000000a5200000, 0x00000000a5300000|  0%| F|  |TAMS 0x00000000a5200000, 0x00000000a5200000| Untracked 
|  45|0x00000000a5300000, 0x00000000a5300000, 0x00000000a5400000|  0%| F|  |TAMS 0x00000000a5300000, 0x00000000a5300000| Untracked 
|  46|0x00000000a5400000, 0x00000000a5400000, 0x00000000a5500000|  0%| F|  |TAMS 0x00000000a5400000, 0x00000000a5400000| Untracked 
|  47|0x00000000a5500000, 0x00000000a5540c58, 0x00000000a5600000| 25%| S|CS|TAMS 0x00000000a5500000, 0x00000000a5500000| Complete 
|  48|0x00000000a5600000, 0x00000000a5600000, 0x00000000a5700000|  0%| F|  |TAMS 0x00000000a5600000, 0x00000000a5600000| Untracked 
|  49|0x00000000a5700000, 0x00000000a5700000, 0x00000000a5800000|  0%| F|  |TAMS 0x00000000a5700000, 0x00000000a5700000| Untracked 
|  50|0x00000000a5800000, 0x00000000a5800000, 0x00000000a5900000|  0%| F|  |TAMS 0x00000000a5800000, 0x00000000a5800000| Untracked 
|  51|0x00000000a5900000, 0x00000000a5900000, 0x00000000a5a00000|  0%| F|  |TAMS 0x00000000a5900000, 0x00000000a5900000| Untracked 
|  52|0x00000000a5a00000, 0x00000000a5a00000, 0x00000000a5b00000|  0%| F|  |TAMS 0x00000000a5a00000, 0x00000000a5a00000| Untracked 
|  53|0x00000000a5b00000, 0x00000000a5b00000, 0x00000000a5c00000|  0%| F|  |TAMS 0x00000000a5b00000, 0x00000000a5b00000| Untracked 
|  54|0x00000000a5c00000, 0x00000000a5c00000, 0x00000000a5d00000|  0%| F|  |TAMS 0x00000000a5c00000, 0x00000000a5c00000| Untracked 
|  55|0x00000000a5d00000, 0x00000000a5d00000, 0x00000000a5e00000|  0%| F|  |TAMS 0x00000000a5d00000, 0x00000000a5d00000| Untracked 
|  56|0x00000000a5e00000, 0x00000000a5e00000, 0x00000000a5f00000|  0%| F|  |TAMS 0x00000000a5e00000, 0x00000000a5e00000| Untracked 
|  57|0x00000000a5f00000, 0x00000000a5f00000, 0x00000000a6000000|  0%| F|  |TAMS 0x00000000a5f00000, 0x00000000a5f00000| Untracked 
|  58|0x00000000a6000000, 0x00000000a6000000, 0x00000000a6100000|  0%| F|  |TAMS 0x00000000a6000000, 0x00000000a6000000| Untracked 
|  59|0x00000000a6100000, 0x00000000a6100000, 0x00000000a6200000|  0%| F|  |TAMS 0x00000000a6100000, 0x00000000a6100000| Untracked 
|  60|0x00000000a6200000, 0x00000000a6200000, 0x00000000a6300000|  0%| F|  |TAMS 0x00000000a6200000, 0x00000000a6200000| Untracked 
|  61|0x00000000a6300000, 0x00000000a6300000, 0x00000000a6400000|  0%| F|  |TAMS 0x00000000a6300000, 0x00000000a6300000| Untracked 
|  62|0x00000000a6400000, 0x00000000a6400000, 0x00000000a6500000|  0%| F|  |TAMS 0x00000000a6400000, 0x00000000a6400000| Untracked 
|  63|0x00000000a6500000, 0x00000000a6500000, 0x00000000a6600000|  0%| F|  |TAMS 0x00000000a6500000, 0x00000000a6500000| Untracked 
|  64|0x00000000a6600000, 0x00000000a6600000, 0x00000000a6700000|  0%| F|  |TAMS 0x00000000a6600000, 0x00000000a6600000| Untracked 
|  65|0x00000000a6700000, 0x00000000a6700000, 0x00000000a6800000|  0%| F|  |TAMS 0x00000000a6700000, 0x00000000a6700000| Untracked 
|  66|0x00000000a6800000, 0x00000000a6800000, 0x00000000a6900000|  0%| F|  |TAMS 0x00000000a6800000, 0x00000000a6800000| Untracked 
|  67|0x00000000a6900000, 0x00000000a6900000, 0x00000000a6a00000|  0%| F|  |TAMS 0x00000000a6900000, 0x00000000a6900000| Untracked 
|  68|0x00000000a6a00000, 0x00000000a6a00000, 0x00000000a6b00000|  0%| F|  |TAMS 0x00000000a6a00000, 0x00000000a6a00000| Untracked 
|  69|0x00000000a6b00000, 0x00000000a6b00000, 0x00000000a6c00000|  0%| F|  |TAMS 0x00000000a6b00000, 0x00000000a6b00000| Untracked 
|  70|0x00000000a6c00000, 0x00000000a6c00000, 0x00000000a6d00000|  0%| F|  |TAMS 0x00000000a6c00000, 0x00000000a6c00000| Untracked 
|  71|0x00000000a6d00000, 0x00000000a6d00000, 0x00000000a6e00000|  0%| F|  |TAMS 0x00000000a6d00000, 0x00000000a6d00000| Untracked 
|  72|0x00000000a6e00000, 0x00000000a6e00000, 0x00000000a6f00000|  0%| F|  |TAMS 0x00000000a6e00000, 0x00000000a6e00000| Untracked 
|  73|0x00000000a6f00000, 0x00000000a6f00000, 0x00000000a7000000|  0%| F|  |TAMS 0x00000000a6f00000, 0x00000000a6f00000| Untracked 
|  74|0x00000000a7000000, 0x00000000a7000000, 0x00000000a7100000|  0%| F|  |TAMS 0x00000000a7000000, 0x00000000a7000000| Untracked 
|  75|0x00000000a7100000, 0x00000000a7100000, 0x00000000a7200000|  0%| F|  |TAMS 0x00000000a7100000, 0x00000000a7100000| Untracked 
|  76|0x00000000a7200000, 0x00000000a7200000, 0x00000000a7300000|  0%| F|  |TAMS 0x00000000a7200000, 0x00000000a7200000| Untracked 
|  77|0x00000000a7300000, 0x00000000a7300000, 0x00000000a7400000|  0%| F|  |TAMS 0x00000000a7300000, 0x00000000a7300000| Untracked 
|  78|0x00000000a7400000, 0x00000000a7400000, 0x00000000a7500000|  0%| F|  |TAMS 0x00000000a7400000, 0x00000000a7400000| Untracked 
|  79|0x00000000a7500000, 0x00000000a7500000, 0x00000000a7600000|  0%| F|  |TAMS 0x00000000a7500000, 0x00000000a7500000| Untracked 
|  80|0x00000000a7600000, 0x00000000a7600000, 0x00000000a7700000|  0%| F|  |TAMS 0x00000000a7600000, 0x00000000a7600000| Untracked 
|  81|0x00000000a7700000, 0x00000000a7700000, 0x00000000a7800000|  0%| F|  |TAMS 0x00000000a7700000, 0x00000000a7700000| Untracked 
|  93|0x00000000a8300000, 0x00000000a8300000, 0x00000000a8400000|  0%| F|  |TAMS 0x00000000a8300000, 0x00000000a8300000| Untracked 

Card table byte_map: [0x0000025fd61e0000,0x0000025fd64d0000] _byte_map_base: 0x0000025fd5ccd000

Marking Bits (Prev, Next): (CMBitMap*) 0x0000025fc8d21980, (CMBitMap*) 0x0000025fc8d219c0
 Prev Bits: [0x0000025fd67c0000, 0x0000025fd7f28000)
 Next Bits: [0x0000025fd7f30000, 0x0000025fd9698000)

Polling page: 0x0000025fc8d80000

Metaspace:

Usage:
  Non-class:     57.49 MB used.
      Class:      9.44 MB used.
       Both:     66.94 MB used.

Virtual space:
  Non-class space:       64.00 MB reserved,      57.94 MB ( 91%) committed,  1 nodes.
      Class space:        1.00 GB reserved,       9.88 MB ( <1%) committed,  1 nodes.
             Both:        1.06 GB reserved,      67.81 MB (  6%) committed. 

Chunk freelists:
   Non-Class:  1.69 MB
       Class:  2.17 MB
        Both:  3.85 MB

MaxMetaspaceSize: unlimited
CompressedClassSpaceSize: 1.00 GB
Initial GC threshold: 21.00 MB
Current GC threshold: 97.44 MB
CDS: on
MetaspaceReclaimPolicy: balanced
 - commit_granule_bytes: 65536.
 - commit_granule_words: 8192.
 - virtual_space_node_default_size: 8388608.
 - enlarge_chunks_in_place: 1.
 - new_chunks_are_fully_committed: 0.
 - uncommit_free_chunks: 1.
 - use_allocation_guard: 0.


Internal statistics:

num_allocs_failed_limit: 6.
num_arena_births: 1338.
num_arena_deaths: 0.
num_vsnodes_births: 2.
num_vsnodes_deaths: 0.
num_space_committed: 1085.
num_space_uncommitted: 0.
num_chunks_returned_to_freelist: 6.
num_chunks_taken_from_freelist: 3820.
num_chunk_merges: 6.
num_chunk_splits: 2750.
num_chunks_enlarged: 2155.
num_inconsistent_stats: 0.

CodeCache: size=49152Kb used=17794Kb max_used=17794Kb free=31357Kb
 bounds [0x0000025fd23e0000, 0x0000025fd3550000, 0x0000025fd53e0000]
 total_blobs=10860 nmethods=10153 adapters=630
 compilation: enabled
              stopped_count=0, restarted_count=0
 full_count=0

Compilation events (20 events):
Event: 129.637 Thread 0x0000025fdc34d7e0 nmethod 10195 0x0000025fd353a990 code [0x0000025fd353ab40, 0x0000025fd353acb8]
Event: 129.637 Thread 0x0000025fdc34d7e0 10168       1       java.util.logging.Logger::doLog (50 bytes)
Event: 129.637 Thread 0x0000025fdc34d7e0 nmethod 10168 0x0000025fd353ad90 code [0x0000025fd353af40, 0x0000025fd353b1b8]
Event: 129.637 Thread 0x0000025fdc34d7e0 10172  s    1       java.lang.Throwable::getSuppressed (37 bytes)
Event: 129.638 Thread 0x0000025fdc34d7e0 nmethod 10172 0x0000025fd353b310 code [0x0000025fd353b4c0, 0x0000025fd353b728]
Event: 129.638 Thread 0x0000025fdc34d7e0 10167       1       org.apache.tomcat.util.res.StringManager::getString (49 bytes)
Event: 129.640 Thread 0x0000025fdc34d7e0 nmethod 10167 0x0000025fd353b810 code [0x0000025fd353ba20, 0x0000025fd353bfd8]
Event: 129.640 Thread 0x0000025fdc34d7e0 10202       1       org.springframework.security.web.context.RequestAttributeSecurityContextRepository::lambda$loadDeferredContext$0 (6 bytes)
Event: 129.641 Thread 0x0000025fdc34d7e0 nmethod 10202 0x0000025fd353c290 code [0x0000025fd353c440, 0x0000025fd353c588]
Event: 129.641 Thread 0x0000025fdc34d7e0 10169  s!   1       java.util.logging.Logger::findResourceBundle (295 bytes)
Event: 129.656 Thread 0x0000025fdc34d7e0 nmethod 10169 0x0000025fd353c610 code [0x0000025fd353c9a0, 0x0000025fd353e008]
Event: 129.656 Thread 0x0000025fdc34d7e0 10173       1       ch.qos.logback.core.util.OptionHelper::isNotEmtpy (13 bytes)
Event: 129.656 Thread 0x0000025fdc34d7e0 nmethod 10173 0x0000025fd353eb10 code [0x0000025fd353eca0, 0x0000025fd353ed78]
Event: 129.657 Thread 0x0000025fdc34d7e0 10170   !   1       org.slf4j.bridge.SLF4JBridgeHandler::getMessageI18N (64 bytes)
Event: 129.658 Thread 0x0000025fdc34d7e0 nmethod 10170 0x0000025fd353ee10 code [0x0000025fd353f000, 0x0000025fd353f4a8]
Event: 129.658 Thread 0x0000025fdc34d7e0 10250       1       io.jsonwebtoken.impl.crypto.DefaultSignatureValidatorFactory::createSignatureValidator (149 bytes)
Event: 129.659 Thread 0x0000025fdc34d7e0 nmethod 10250 0x0000025fd353f890 code [0x0000025fd353fb00, 0x0000025fd3540248]
Event: 129.660 Thread 0x0000025fdc34d7e0 10251       1       io.jsonwebtoken.impl.crypto.MacValidator::<init> (18 bytes)
Event: 129.660 Thread 0x0000025fdc34d7e0 nmethod 10251 0x0000025fd3540610 code [0x0000025fd35407c0, 0x0000025fd3540968]
Event: 129.660 Thread 0x0000025fdc34d7e0 10171       1       ch.qos.logback.classic.spi.ThrowableProxy::<init> (288 bytes)

GC Heap History (20 events):
Event: 125.063 GC heap after
{Heap after GC invocations=50 (full 0):
 garbage-first heap   total 70656K, used 38919K [0x00000000a2600000, 0x0000000100000000)
  region size 1024K, 1 young (1024K), 1 survivors (1024K)
 Metaspace       used 68543K, committed 69440K, reserved 1114112K
  class space    used 9670K, committed 10112K, reserved 1048576K
}
Event: 125.313 GC heap before
{Heap before GC invocations=50 (full 0):
 garbage-first heap   total 70656K, used 60423K [0x00000000a2600000, 0x0000000100000000)
  region size 1024K, 23 young (23552K), 1 survivors (1024K)
 Metaspace       used 68543K, committed 69440K, reserved 1114112K
  class space    used 9670K, committed 10112K, reserved 1048576K
}
Event: 125.322 GC heap after
{Heap after GC invocations=51 (full 0):
 garbage-first heap   total 70656K, used 38941K [0x00000000a2600000, 0x0000000100000000)
  region size 1024K, 1 young (1024K), 1 survivors (1024K)
 Metaspace       used 68543K, committed 69440K, reserved 1114112K
  class space    used 9670K, committed 10112K, reserved 1048576K
}
Event: 125.620 GC heap before
{Heap before GC invocations=51 (full 0):
 garbage-first heap   total 70656K, used 60445K [0x00000000a2600000, 0x0000000100000000)
  region size 1024K, 23 young (23552K), 1 survivors (1024K)
 Metaspace       used 68543K, committed 69440K, reserved 1114112K
  class space    used 9670K, committed 10112K, reserved 1048576K
}
Event: 125.629 GC heap after
{Heap after GC invocations=52 (full 0):
 garbage-first heap   total 84992K, used 38975K [0x00000000a2600000, 0x0000000100000000)
  region size 1024K, 1 young (1024K), 1 survivors (1024K)
 Metaspace       used 68543K, committed 69440K, reserved 1114112K
  class space    used 9670K, committed 10112K, reserved 1048576K
}
Event: 126.150 GC heap before
{Heap before GC invocations=52 (full 0):
 garbage-first heap   total 84992K, used 72767K [0x00000000a2600000, 0x0000000100000000)
  region size 1024K, 35 young (35840K), 1 survivors (1024K)
 Metaspace       used 68543K, committed 69440K, reserved 1114112K
  class space    used 9670K, committed 10112K, reserved 1048576K
}
Event: 126.155 GC heap after
{Heap after GC invocations=53 (full 0):
 garbage-first heap   total 84992K, used 38982K [0x00000000a2600000, 0x0000000100000000)
  region size 1024K, 1 young (1024K), 1 survivors (1024K)
 Metaspace       used 68543K, committed 69440K, reserved 1114112K
  class space    used 9670K, committed 10112K, reserved 1048576K
}
Event: 126.622 GC heap before
{Heap before GC invocations=53 (full 0):
 garbage-first heap   total 84992K, used 72774K [0x00000000a2600000, 0x0000000100000000)
  region size 1024K, 35 young (35840K), 1 survivors (1024K)
 Metaspace       used 68543K, committed 69440K, reserved 1114112K
  class space    used 9670K, committed 10112K, reserved 1048576K
}
Event: 126.627 GC heap after
{Heap after GC invocations=54 (full 0):
 garbage-first heap   total 84992K, used 38909K [0x00000000a2600000, 0x0000000100000000)
  region size 1024K, 1 young (1024K), 1 survivors (1024K)
 Metaspace       used 68543K, committed 69440K, reserved 1114112K
  class space    used 9670K, committed 10112K, reserved 1048576K
}
Event: 127.021 GC heap before
{Heap before GC invocations=54 (full 0):
 garbage-first heap   total 84992K, used 72701K [0x00000000a2600000, 0x0000000100000000)
  region size 1024K, 35 young (35840K), 1 survivors (1024K)
 Metaspace       used 68543K, committed 69440K, reserved 1114112K
  class space    used 9670K, committed 10112K, reserved 1048576K
}
Event: 127.030 GC heap after
{Heap after GC invocations=55 (full 0):
 garbage-first heap   total 84992K, used 39024K [0x00000000a2600000, 0x0000000100000000)
  region size 1024K, 1 young (1024K), 1 survivors (1024K)
 Metaspace       used 68543K, committed 69440K, reserved 1114112K
  class space    used 9670K, committed 10112K, reserved 1048576K
}
Event: 128.296 GC heap before
{Heap before GC invocations=55 (full 0):
 garbage-first heap   total 84992K, used 72816K [0x00000000a2600000, 0x0000000100000000)
  region size 1024K, 35 young (35840K), 1 survivors (1024K)
 Metaspace       used 68543K, committed 69440K, reserved 1114112K
  class space    used 9670K, committed 10112K, reserved 1048576K
}
Event: 128.301 GC heap after
{Heap after GC invocations=56 (full 0):
 garbage-first heap   total 84992K, used 39044K [0x00000000a2600000, 0x0000000100000000)
  region size 1024K, 1 young (1024K), 1 survivors (1024K)
 Metaspace       used 68543K, committed 69440K, reserved 1114112K
  class space    used 9670K, committed 10112K, reserved 1048576K
}
Event: 128.794 GC heap before
{Heap before GC invocations=56 (full 0):
 garbage-first heap   total 84992K, used 72836K [0x00000000a2600000, 0x0000000100000000)
  region size 1024K, 35 young (35840K), 1 survivors (1024K)
 Metaspace       used 68543K, committed 69440K, reserved 1114112K
  class space    used 9670K, committed 10112K, reserved 1048576K
}
Event: 128.797 GC heap after
{Heap after GC invocations=57 (full 0):
 garbage-first heap   total 84992K, used 38951K [0x00000000a2600000, 0x0000000100000000)
  region size 1024K, 1 young (1024K), 1 survivors (1024K)
 Metaspace       used 68543K, committed 69440K, reserved 1114112K
  class space    used 9670K, committed 10112K, reserved 1048576K
}
Event: 129.133 GC heap before
{Heap before GC invocations=57 (full 0):
 garbage-first heap   total 84992K, used 72743K [0x00000000a2600000, 0x0000000100000000)
  region size 1024K, 35 young (35840K), 1 survivors (1024K)
 Metaspace       used 68543K, committed 69440K, reserved 1114112K
  class space    used 9670K, committed 10112K, reserved 1048576K
}
Event: 129.137 GC heap after
{Heap after GC invocations=58 (full 0):
 garbage-first heap   total 84992K, used 39012K [0x00000000a2600000, 0x0000000100000000)
  region size 1024K, 1 young (1024K), 1 survivors (1024K)
 Metaspace       used 68543K, committed 69440K, reserved 1114112K
  class space    used 9670K, committed 10112K, reserved 1048576K
}
Event: 129.459 GC heap before
{Heap before GC invocations=58 (full 0):
 garbage-first heap   total 84992K, used 72804K [0x00000000a2600000, 0x0000000100000000)
  region size 1024K, 35 young (35840K), 1 survivors (1024K)
 Metaspace       used 68543K, committed 69440K, reserved 1114112K
  class space    used 9670K, committed 10112K, reserved 1048576K
}
Event: 129.462 GC heap after
{Heap after GC invocations=59 (full 0):
 garbage-first heap   total 84992K, used 39113K [0x00000000a2600000, 0x0000000100000000)
  region size 1024K, 1 young (1024K), 1 survivors (1024K)
 Metaspace       used 68543K, committed 69440K, reserved 1114112K
  class space    used 9670K, committed 10112K, reserved 1048576K
}
Event: 129.686 GC heap before
{Heap before GC invocations=59 (full 0):
 garbage-first heap   total 84992K, used 72905K [0x00000000a2600000, 0x0000000100000000)
  region size 1024K, 35 young (35840K), 1 survivors (1024K)
 Metaspace       used 68543K, committed 69440K, reserved 1114112K
  class space    used 9670K, committed 10112K, reserved 1048576K
}

Dll operation events (14 events):
Event: 0.024 Loaded shared library C:\Program Files\Java\jdk-19\bin\java.dll
Event: 0.058 Loaded shared library C:\Program Files\Java\jdk-19\bin\jsvml.dll
Event: 0.259 Loaded shared library C:\Program Files\Java\jdk-19\bin\zip.dll
Event: 0.264 Loaded shared library C:\Program Files\Java\jdk-19\bin\instrument.dll
Event: 0.279 Loaded shared library C:\Program Files\Java\jdk-19\bin\net.dll
Event: 0.282 Loaded shared library C:\Program Files\Java\jdk-19\bin\nio.dll
Event: 0.288 Loaded shared library C:\Program Files\Java\jdk-19\bin\zip.dll
Event: 0.606 Loaded shared library E:\IntelliJ IDEA 2023.2\bin\breakgen64.dll
Event: 0.643 Loaded shared library C:\Program Files\Java\jdk-19\bin\jimage.dll
Event: 0.678 Loaded shared library C:\Program Files\Java\jdk-19\bin\extnet.dll
Event: 0.723 Loaded shared library C:\Program Files\Java\jdk-19\bin\management.dll
Event: 0.789 Loaded shared library C:\Program Files\Java\jdk-19\bin\management_ext.dll
Event: 9.351 Loaded shared library C:\Program Files\Java\jdk-19\bin\sunmscapi.dll
Event: 11.274 Loaded shared library C:\Program Files\Java\jdk-19\bin\verify.dll

Deoptimization events (20 events):
Event: 4.588 Thread 0x0000025fe0ec4960 DEOPT PACKING pc=0x0000025fd295b11d sp=0x000000edc67fda40
Event: 4.588 Thread 0x0000025fe0ec4960 DEOPT UNPACKING pc=0x0000025fd2447543 sp=0x000000edc67fcfa8 mode 3
Event: 7.833 Thread 0x0000025fe0ec4960 DEOPT PACKING pc=0x0000025fd2b9c139 sp=0x000000edc67fc7d0
Event: 7.833 Thread 0x0000025fe0ec4960 DEOPT UNPACKING pc=0x0000025fd2447543 sp=0x000000edc67fbcb0 mode 3
Event: 17.195 Thread 0x0000025fe0ec4960 DEOPT PACKING pc=0x0000025fd29571ba sp=0x000000edc67f9220
Event: 17.195 Thread 0x0000025fe0ec4960 DEOPT UNPACKING pc=0x0000025fd2447543 sp=0x000000edc67f8728 mode 3
Event: 17.196 Thread 0x0000025fe0ec4960 DEOPT PACKING pc=0x0000025fd28e52cc sp=0x000000edc67f91e0
Event: 17.196 Thread 0x0000025fe0ec4960 DEOPT UNPACKING pc=0x0000025fd2447543 sp=0x000000edc67f8728 mode 3
Event: 17.508 Thread 0x0000025fe0ec4960 DEOPT PACKING pc=0x0000025fd29378a4 sp=0x000000edc67f9820
Event: 17.508 Thread 0x0000025fe0ec4960 DEOPT UNPACKING pc=0x0000025fd2447543 sp=0x000000edc67f8d78 mode 0
Event: 22.773 Thread 0x0000025fe2b371d0 DEOPT PACKING pc=0x0000025fd31b19bc sp=0x000000edc83fdf70
Event: 22.773 Thread 0x0000025fe2b371d0 DEOPT UNPACKING pc=0x0000025fd2447543 sp=0x000000edc83fd628 mode 0
Event: 22.801 Thread 0x0000025fe2b371d0 DEOPT PACKING pc=0x0000025fd31aebb4 sp=0x000000edc83fe200
Event: 22.801 Thread 0x0000025fe2b371d0 DEOPT UNPACKING pc=0x0000025fd2447543 sp=0x000000edc83fd6d0 mode 0
Event: 44.220 Thread 0x0000025fe2b371d0 DEOPT PACKING pc=0x0000025fd2f06e2c sp=0x000000edc83fee00
Event: 44.221 Thread 0x0000025fe2b36c80 DEOPT PACKING pc=0x0000025fd2f06e2c sp=0x000000edc67fe9e0
Event: 44.221 Thread 0x0000025fe2b371d0 DEOPT UNPACKING pc=0x0000025fd2447543 sp=0x000000edc83fe298 mode 0
Event: 44.222 Thread 0x0000025fe2b36c80 DEOPT UNPACKING pc=0x0000025fd2447543 sp=0x000000edc67fde78 mode 0
Event: 44.222 Thread 0x0000025fe2f64f60 DEOPT PACKING pc=0x0000025fd2f06e2c sp=0x000000edc71feed0
Event: 44.222 Thread 0x0000025fe2f64f60 DEOPT UNPACKING pc=0x0000025fd2447543 sp=0x000000edc71fe368 mode 0

Classes loaded (20 events):
Event: 25.084 Loading class javax/crypto/MacSpi
Event: 25.085 Loading class javax/crypto/MacSpi done
Event: 25.085 Loading class com/sun/crypto/provider/HmacCore done
Event: 25.085 Loading class com/sun/crypto/provider/HmacCore$HmacSHA256 done
Event: 25.088 Loading class sun/util/resources/LocaleData$CommonResourceBundleProvider
Event: 25.088 Loading class sun/util/resources/LocaleData$LocaleDataResourceBundleProvider
Event: 25.088 Loading class java/util/spi/ResourceBundleProvider
Event: 25.089 Loading class java/util/spi/ResourceBundleProvider done
Event: 25.089 Loading class sun/util/resources/LocaleData$LocaleDataResourceBundleProvider done
Event: 25.089 Loading class sun/util/resources/LocaleData$CommonResourceBundleProvider done
Event: 25.090 Loading class java/util/ArrayList$SubList$1
Event: 25.090 Loading class java/util/ArrayList$SubList$1 done
Event: 25.090 Loading class sun/util/resources/Bundles$2
Event: 25.092 Loading class sun/util/resources/Bundles$2 done
Event: 25.097 Loading class java/util/logging/LogRecord
Event: 25.098 Loading class java/util/logging/LogRecord done
Event: 25.108 Loading class jdk/internal/loader/BootLoader$PackageHelper
Event: 25.108 Loading class jdk/internal/loader/BootLoader$PackageHelper done
Event: 25.147 Loading class java/util/concurrent/atomic/Striped64$Cell
Event: 25.148 Loading class java/util/concurrent/atomic/Striped64$Cell done

Classes unloaded (0 events):
No events

Classes redefined (0 events):
No events

Internal exceptions (20 events):
Event: 20.856 Thread 0x0000025fe0ec4960 Exception <a 'java/lang/NoSuchMethodError'{0x00000000a56653a0}: 'java.lang.Object java.lang.invoke.DirectMethodHandle$Holder.invokeVirtual(java.lang.Object, java.lang.Object, java.lang.Object, java.lang.Object, java.lang.Object, java.lang.Object, java.lang.Object)'> (0x00000000a56653a0) 
thrown [s\open\src\hotspot\share\interpreter\linkResolver.cpp, line 774]
Event: 20.896 Thread 0x0000025fe0ec4960 Exception <a 'java/lang/NoSuchMethodError'{0x00000000a5599b00}: 'java.lang.Object java.lang.invoke.DirectMethodHandle$Holder.newInvokeSpecial(java.lang.Object, java.lang.Object, java.lang.Object, java.lang.Object, java.lang.Object, java.lang.Object, java.lang.Object, java.lang.Object, java.lang.Object)'> (0x00000000a5599b00) 
thrown [s\open\src\hotspot\share\interpreter\linkResolver.cpp, line 774]
Event: 21.166 Thread 0x0000025fe0ec4960 Exception <a 'java/lang/NoSuchMethodError'{0x00000000a75b0dd8}: 'java.lang.Object java.lang.invoke.DirectMethodHandle$Holder.invokeVirtual(java.lang.Object, java.lang.Object, java.lang.Object, java.lang.Object, java.lang.Object, java.lang.Object, java.lang.Object, java.lang.Object, java.lang.Object)'> (0x00000000a75b0dd8) 
thrown [s\open\src\hotspot\share\interpreter\linkResolver.cpp, line 774]
Event: 21.429 Thread 0x0000025fe0ec4960 Exception <a 'java/lang/NoSuchMethodError'{0x00000000a5490750}: 'void java.lang.invoke.DirectMethodHandle$Holder.invokeVirtual(java.lang.Object, java.lang.Object, long)'> (0x00000000a5490750) 
thrown [s\open\src\hotspot\share\interpreter\linkResolver.cpp, line 774]
Event: 21.571 Thread 0x0000025fe0ec4960 Exception <a 'java/lang/NoSuchMethodError'{0x00000000a741d9b8}: 'int java.lang.invoke.DirectMethodHandle$Holder.invokeStaticInit(java.lang.Object, java.lang.Object, java.lang.Object, java.lang.Object)'> (0x00000000a741d9b8) 
thrown [s\open\src\hotspot\share\interpreter\linkResolver.cpp, line 774]
Event: 21.758 Thread 0x0000025fe0ec4960 Exception <a 'java/lang/NoSuchMethodError'{0x00000000a56c9f30}: 'int java.lang.invoke.DirectMethodHandle$Holder.invokeStatic(java.lang.Object, java.lang.Object, java.lang.Object, java.lang.Object, java.lang.Object)'> (0x00000000a56c9f30) 
thrown [s\open\src\hotspot\share\interpreter\linkResolver.cpp, line 774]
Event: 21.822 Thread 0x0000025fe0ec4960 Exception <a 'java/lang/NoSuchMethodError'{0x00000000a54cf8c8}: 'double java.lang.invoke.DirectMethodHandle$Holder.invokeStatic(java.lang.Object, java.lang.Object)'> (0x00000000a54cf8c8) 
thrown [s\open\src\hotspot\share\interpreter\linkResolver.cpp, line 774]
Event: 21.906 Thread 0x0000025fe09571a0 Exception <a 'java/lang/NoSuchMethodError'{0x00000000a8316bf8}: 'long java.lang.invoke.DirectMethodHandle$Holder.invokeStatic(java.lang.Object, java.lang.Object, java.lang.Object)'> (0x00000000a8316bf8) 
thrown [s\open\src\hotspot\share\interpreter\linkResolver.cpp, line 774]
Event: 21.965 Thread 0x0000025fe0ec4960 Exception <a 'java/lang/IncompatibleClassChangeError'{0x00000000a5bb8a20}: Found class java.lang.Object, but interface was expected> (0x00000000a5bb8a20) 
thrown [s\open\src\hotspot\share\interpreter\linkResolver.cpp, line 841]
Event: 22.031 Thread 0x0000025fe0ec4960 Exception <a 'java/lang/NoSuchMethodError'{0x00000000a59654d8}: 'void java.lang.invoke.DirectMethodHandle$Holder.invokeStatic(java.lang.Object, java.lang.Object, double)'> (0x00000000a59654d8) 
thrown [s\open\src\hotspot\share\interpreter\linkResolver.cpp, line 774]
Event: 22.056 Thread 0x0000025fe0ec4960 Exception <a 'java/lang/NoSuchMethodError'{0x00000000a59be680}: 'double java.lang.invoke.DirectMethodHandle$Holder.invokeStatic(java.lang.Object, java.lang.Object, java.lang.Object)'> (0x00000000a59be680) 
thrown [s\open\src\hotspot\share\interpreter\linkResolver.cpp, line 774]
Event: 22.100 Thread 0x0000025fe0ec4960 Exception <a 'java/lang/IncompatibleClassChangeError'{0x00000000a58afff0}: Found class java.lang.Object, but interface was expected> (0x00000000a58afff0) 
thrown [s\open\src\hotspot\share\interpreter\linkResolver.cpp, line 841]
Event: 22.105 Thread 0x0000025fe0ec4960 Exception <a 'java/lang/NoSuchMethodError'{0x00000000a58c4fb8}: 'java.lang.Object java.lang.invoke.DirectMethodHandle$Holder.newInvokeSpecial(java.lang.Object, java.lang.Object, int, java.lang.Object, java.lang.Object)'> (0x00000000a58c4fb8) 
thrown [s\open\src\hotspot\share\interpreter\linkResolver.cpp, line 774]
Event: 22.106 Thread 0x0000025fe0ec4960 Exception <a 'java/lang/NoSuchMethodError'{0x00000000a58d0268}: 'java.lang.Object java.lang.invoke.DirectMethodHandle$Holder.invokeSpecial(java.lang.Object, java.lang.Object, int, java.lang.Object, int, java.lang.Object)'> (0x00000000a58d0268) 
thrown [s\open\src\hotspot\share\interpreter\linkResolver.cpp, line 774]
Event: 22.107 Thread 0x0000025fe0ec4960 Exception <a 'java/lang/NoSuchMethodError'{0x00000000a58d8270}: 'java.lang.Object java.lang.invoke.DirectMethodHandle$Holder.newInvokeSpecial(java.lang.Object, java.lang.Object, int, java.lang.Object, int)'> (0x00000000a58d8270) 
thrown [s\open\src\hotspot\share\interpreter\linkResolver.cpp, line 774]
Event: 22.108 Thread 0x0000025fe0ec4960 Exception <a 'java/lang/NoSuchMethodError'{0x00000000a58dc388}: 'java.lang.Object java.lang.invoke.DirectMethodHandle$Holder.invokeSpecial(java.lang.Object, java.lang.Object, java.lang.Object, int, java.lang.Object, int)'> (0x00000000a58dc388) 
thrown [s\open\src\hotspot\share\interpreter\linkResolver.cpp, line 774]
Event: 22.441 Thread 0x0000025fe2f64f60 Exception <a 'java/lang/NoSuchMethodError'{0x00000000a554db68}: 'java.lang.Object java.lang.invoke.DirectMethodHandle$Holder.invokeInterface(java.lang.Object, java.lang.Object, java.lang.Object, java.lang.Object, java.lang.Object, java.lang.Object, java.lang.Object)'> (0x00000000a554db68) 
thrown [s\open\src\hotspot\share\interpreter\linkResolver.cpp, line 774]
Event: 22.754 Thread 0x0000025fe2b36c80 Exception <a 'java/lang/NoSuchMethodError'{0x00000000a5baa108}: 'int java.lang.invoke.DirectMethodHandle$Holder.invokeInterface(java.lang.Object, java.lang.Object, int)'> (0x00000000a5baa108) 
thrown [s\open\src\hotspot\share\interpreter\linkResolver.cpp, line 774]
Event: 24.807 Thread 0x0000025fe2f64a10 Exception <a 'java/lang/NoSuchMethodError'{0x00000000a574fc08}: 'java.lang.Object java.lang.invoke.DirectMethodHandle$Holder.invokeSpecial(java.lang.Object, java.lang.Object, java.lang.Object, java.lang.Object, java.lang.Object, long)'> (0x00000000a574fc08) 
thrown [s\open\src\hotspot\share\interpreter\linkResolver.cpp, line 774]
Event: 24.807 Thread 0x0000025fe2f64a10 Exception <a 'java/lang/NoSuchMethodError'{0x00000000a5753670}: 'java.lang.Object java.lang.invoke.Invokers$Holder.linkToTargetMethod(java.lang.Object, java.lang.Object, java.lang.Object, long, java.lang.Object)'> (0x00000000a5753670) 
thrown [s\open\src\hotspot\share\interpreter\linkResolver.cpp, line 774]

VM Operations (20 events):
Event: 125.323 Executing VM operation: G1CollectForAllocation done
Event: 125.619 Executing VM operation: G1CollectForAllocation
Event: 125.630 Executing VM operation: G1CollectForAllocation done
Event: 126.134 Executing VM operation: G1CollectForAllocation
Event: 126.155 Executing VM operation: G1CollectForAllocation done
Event: 126.617 Executing VM operation: G1CollectForAllocation
Event: 126.627 Executing VM operation: G1CollectForAllocation done
Event: 127.021 Executing VM operation: G1CollectForAllocation
Event: 127.030 Executing VM operation: G1CollectForAllocation done
Event: 128.033 Executing VM operation: Cleanup
Event: 128.033 Executing VM operation: Cleanup done
Event: 128.296 Executing VM operation: G1CollectForAllocation
Event: 128.301 Executing VM operation: G1CollectForAllocation done
Event: 128.786 Executing VM operation: G1CollectForAllocation
Event: 128.798 Executing VM operation: G1CollectForAllocation done
Event: 129.133 Executing VM operation: G1CollectForAllocation
Event: 129.138 Executing VM operation: G1CollectForAllocation done
Event: 129.459 Executing VM operation: G1CollectForAllocation
Event: 129.463 Executing VM operation: G1CollectForAllocation done
Event: 129.672 Executing VM operation: G1CollectForAllocation

Events (20 events):
Event: 22.707 Thread 0x0000025fe2b32cc0 Thread exited: 0x0000025fe2b32cc0
Event: 22.712 Thread 0x0000025fe2b31230 Thread added: 0x0000025fe2b31230
Event: 22.712 Thread 0x0000025fe2b351f0 Thread added: 0x0000025fe2b351f0
Event: 22.726 Thread 0x0000025fe2b351f0 Thread exited: 0x0000025fe2b351f0
Event: 22.726 Thread 0x0000025fe2b31230 Thread exited: 0x0000025fe2b31230
Event: 22.729 Thread 0x0000025fe2b30790 Thread added: 0x0000025fe2b30790
Event: 22.730 Thread 0x0000025fe2b34ca0 Thread added: 0x0000025fe2b34ca0
Event: 22.792 Thread 0x0000025fe2b30790 Thread exited: 0x0000025fe2b30790
Event: 22.822 Thread 0x0000025fe2b34ca0 Thread exited: 0x0000025fe2b34ca0
Event: 23.605 Thread 0x0000025fe0590900 Thread exited: 0x0000025fe0590900
Event: 24.811 Thread 0x0000025fe0592a60 Thread exited: 0x0000025fe0592a60
Event: 25.127 Thread 0x0000025fe058fde0 Thread added: 0x0000025fe058fde0
Event: 25.128 Thread 0x0000025fe0592ff0 Thread added: 0x0000025fe0592ff0
Event: 25.130 Thread 0x0000025fe0593580 Thread added: 0x0000025fe0593580
Event: 26.066 Thread 0x0000025fe0593580 Thread exited: 0x0000025fe0593580
Event: 26.066 Thread 0x0000025fe0592ff0 Thread exited: 0x0000025fe0592ff0
Event: 49.172 Thread 0x0000025fe058fde0 Thread exited: 0x0000025fe058fde0
Event: 104.321 Thread 0x0000025fe2f64f60 Thread exited: 0x0000025fe2f64f60
Event: 104.322 Thread 0x0000025fe2b371d0 Thread exited: 0x0000025fe2b371d0
Event: 121.293 Thread 0x0000025fe2b36c80 Thread exited: 0x0000025fe2b36c80


Dynamic libraries:
0x00007ff783260000 - 0x00007ff783270000 	C:\Program Files\Java\jdk-19\bin\java.exe
0x00007ff8d9fb0000 - 0x00007ff8da1c7000 	C:\WINDOWS\SYSTEM32\ntdll.dll
0x00007ff8d9610000 - 0x00007ff8d96d4000 	C:\WINDOWS\System32\KERNEL32.DLL
0x00007ff8d73c0000 - 0x00007ff8d7766000 	C:\WINDOWS\System32\KERNELBASE.dll
0x00007ff8d7be0000 - 0x00007ff8d7cf1000 	C:\WINDOWS\System32\ucrtbase.dll
0x00007ff8b1440000 - 0x00007ff8b1458000 	C:\Program Files\Java\jdk-19\bin\jli.dll
0x00007ff8adfd0000 - 0x00007ff8adfeb000 	C:\Program Files\Java\jdk-19\bin\VCRUNTIME140.dll
0x00007ff8d93c0000 - 0x00007ff8d9471000 	C:\WINDOWS\System32\ADVAPI32.dll
0x00007ff8d9880000 - 0x00007ff8d9927000 	C:\WINDOWS\System32\msvcrt.dll
0x00007ff8d9770000 - 0x00007ff8d9815000 	C:\WINDOWS\System32\sechost.dll
0x00007ff8d8ea0000 - 0x00007ff8d8fb7000 	C:\WINDOWS\System32\RPCRT4.dll
0x00007ff8d9150000 - 0x00007ff8d92fe000 	C:\WINDOWS\System32\USER32.dll
0x00007ff8b8c30000 - 0x00007ff8b8ec3000 	C:\WINDOWS\WinSxS\amd64_microsoft.windows.common-controls_6595b64144ccf1df_6.0.22621.2506_none_270c5ae97388e100\COMCTL32.dll
0x00007ff8d7390000 - 0x00007ff8d73b6000 	C:\WINDOWS\System32\win32u.dll
0x00007ff8d9020000 - 0x00007ff8d9049000 	C:\WINDOWS\System32\GDI32.dll
0x00007ff8d7ac0000 - 0x00007ff8d7bd8000 	C:\WINDOWS\System32\gdi32full.dll
0x00007ff8d78b0000 - 0x00007ff8d794a000 	C:\WINDOWS\System32\msvcp_win.dll
0x00007ff8cdaf0000 - 0x00007ff8cdafa000 	C:\WINDOWS\SYSTEM32\VERSION.dll
0x00007ff8d94f0000 - 0x00007ff8d9521000 	C:\WINDOWS\System32\IMM32.DLL
0x00007ff8d2300000 - 0x00007ff8d230c000 	C:\Program Files\Java\jdk-19\bin\vcruntime140_1.dll
0x00007ff871aa0000 - 0x00007ff871b2e000 	C:\Program Files\Java\jdk-19\bin\msvcp140.dll
0x00007ff866770000 - 0x00007ff867430000 	C:\Program Files\Java\jdk-19\bin\server\jvm.dll
0x00007ff8cf370000 - 0x00007ff8cf3a4000 	C:\WINDOWS\SYSTEM32\WINMM.dll
0x00007ff8ae010000 - 0x00007ff8ae019000 	C:\WINDOWS\SYSTEM32\WSOCK32.dll
0x00007ff8d8b40000 - 0x00007ff8d8bb1000 	C:\WINDOWS\System32\WS2_32.dll
0x00007ff8d62f0000 - 0x00007ff8d6308000 	C:\WINDOWS\SYSTEM32\kernel.appcore.dll
0x00007ff8c7c60000 - 0x00007ff8c7c6a000 	C:\Program Files\Java\jdk-19\bin\jimage.dll
0x00007ff8d4ca0000 - 0x00007ff8d4ed3000 	C:\WINDOWS\SYSTEM32\DBGHELP.DLL
0x00007ff8d8570000 - 0x00007ff8d88f9000 	C:\WINDOWS\System32\combase.dll
0x00007ff8d9530000 - 0x00007ff8d9607000 	C:\WINDOWS\System32\OLEAUT32.dll
0x00007ff8c45d0000 - 0x00007ff8c4602000 	C:\WINDOWS\SYSTEM32\dbgcore.DLL
0x00007ff8d7830000 - 0x00007ff8d78aa000 	C:\WINDOWS\System32\bcryptPrimitives.dll
0x00007ff8c62d0000 - 0x00007ff8c62de000 	C:\Program Files\Java\jdk-19\bin\instrument.dll
0x00007ff8ab1c0000 - 0x00007ff8ab1e6000 	C:\Program Files\Java\jdk-19\bin\java.dll
0x00007ff8719c0000 - 0x00007ff871a97000 	C:\Program Files\Java\jdk-19\bin\jsvml.dll
0x00007ff8d7d10000 - 0x00007ff8d856a000 	C:\WINDOWS\System32\SHELL32.dll
0x00007ff8d51f0000 - 0x00007ff8d5ae6000 	C:\WINDOWS\SYSTEM32\windows.storage.dll
0x00007ff8d50b0000 - 0x00007ff8d51ee000 	C:\WINDOWS\SYSTEM32\wintypes.dll
0x00007ff8d8be0000 - 0x00007ff8d8cd3000 	C:\WINDOWS\System32\SHCORE.dll
0x00007ff8d8ae0000 - 0x00007ff8d8b3e000 	C:\WINDOWS\System32\shlwapi.dll
0x00007ff8d7250000 - 0x00007ff8d7276000 	C:\WINDOWS\SYSTEM32\profapi.dll
0x00007ff89d230000 - 0x00007ff89d248000 	C:\Program Files\Java\jdk-19\bin\zip.dll
0x00007ff8a2eb0000 - 0x00007ff8a2ec3000 	C:\Program Files\Java\jdk-19\bin\net.dll
0x00007ff8d04e0000 - 0x00007ff8d0617000 	C:\WINDOWS\SYSTEM32\WINHTTP.dll
0x00007ff8d67a0000 - 0x00007ff8d6809000 	C:\WINDOWS\system32\mswsock.dll
0x00007ff89d380000 - 0x00007ff89d396000 	C:\Program Files\Java\jdk-19\bin\nio.dll
0x00007ff884670000 - 0x00007ff88468a000 	E:\IntelliJ IDEA 2023.2\bin\breakgen64.dll
0x00007ff8ae7e0000 - 0x00007ff8ae7e8000 	C:\Program Files\Java\jdk-19\bin\extnet.dll
0x00007ff8d5db0000 - 0x00007ff8d5ea9000 	C:\WINDOWS\SYSTEM32\DNSAPI.dll
0x00007ff8d5d40000 - 0x00007ff8d5d6d000 	C:\WINDOWS\SYSTEM32\IPHLPAPI.DLL
0x00007ff8d9300000 - 0x00007ff8d9309000 	C:\WINDOWS\System32\NSI.dll
0x00007ff8cf3b0000 - 0x00007ff8cf3ba000 	C:\Windows\System32\rasadhlp.dll
0x00007ff8cdeb0000 - 0x00007ff8cdf33000 	C:\WINDOWS\System32\fwpuclnt.dll
0x00007ff8bab20000 - 0x00007ff8bab2a000 	C:\Program Files\Java\jdk-19\bin\management.dll
0x00007ff8ba460000 - 0x00007ff8ba46b000 	C:\Program Files\Java\jdk-19\bin\management_ext.dll
0x00007ff8d9010000 - 0x00007ff8d9018000 	C:\WINDOWS\System32\PSAPI.DLL
0x00007ff8d6a00000 - 0x00007ff8d6a1b000 	C:\WINDOWS\SYSTEM32\CRYPTSP.dll
0x00007ff8d6250000 - 0x00007ff8d6285000 	C:\WINDOWS\system32\rsaenh.dll
0x00007ff8d6890000 - 0x00007ff8d68bc000 	C:\WINDOWS\SYSTEM32\USERENV.dll
0x00007ff8d6c50000 - 0x00007ff8d6c78000 	C:\WINDOWS\SYSTEM32\bcrypt.dll
0x00007ff8d69f0000 - 0x00007ff8d69fc000 	C:\WINDOWS\SYSTEM32\CRYPTBASE.dll
0x00007ff8d0490000 - 0x00007ff8d04a9000 	C:\WINDOWS\SYSTEM32\dhcpcsvc6.DLL
0x00007ff8d02a0000 - 0x00007ff8d02bf000 	C:\WINDOWS\SYSTEM32\dhcpcsvc.DLL
0x00007ff8bc5b0000 - 0x00007ff8bc5c7000 	C:\WINDOWS\system32\napinsp.dll
0x00007ff8bc280000 - 0x00007ff8bc29b000 	C:\WINDOWS\system32\pnrpnsp.dll
0x00007ff8bc200000 - 0x00007ff8bc211000 	C:\WINDOWS\System32\winrnr.dll
0x00007ff8cf9d0000 - 0x00007ff8cf9e5000 	C:\WINDOWS\system32\wshbth.dll
0x00007ff8bc250000 - 0x00007ff8bc271000 	C:\WINDOWS\system32\nlansp_c.dll
0x00007ff8b7010000 - 0x00007ff8b701e000 	C:\Program Files\Java\jdk-19\bin\sunmscapi.dll
0x00007ff8d7950000 - 0x00007ff8d7ab6000 	C:\WINDOWS\System32\CRYPT32.dll
0x00007ff8d6c20000 - 0x00007ff8d6c4d000 	C:\WINDOWS\SYSTEM32\ncrypt.dll
0x00007ff8d6be0000 - 0x00007ff8d6c17000 	C:\WINDOWS\SYSTEM32\NTASN1.dll
0x00007ff8a9dc0000 - 0x00007ff8a9dd0000 	C:\Program Files\Java\jdk-19\bin\verify.dll
0x00007ff89e5e0000 - 0x00007ff89e5e8000 	C:\WINDOWS\system32\wshunix.dll

dbghelp: loaded successfully - version: 4.0.5 - missing functions: none
symbol engine: initialized successfully - sym options: 0x614 - pdb path: .;C:\Program Files\Java\jdk-19\bin;C:\WINDOWS\SYSTEM32;C:\WINDOWS\WinSxS\amd64_microsoft.windows.common-controls_6595b64144ccf1df_6.0.22621.2506_none_270c5ae97388e100;C:\Program Files\Java\jdk-19\bin\server;E:\IntelliJ IDEA 2023.2\bin

VM Arguments:
jvm_args: -XX:TieredStopAtLevel=1 -Dspring.output.ansi.enabled=always -Dcom.sun.management.jmxremote -Dspring.jmx.enabled=true -Dspring.liveBeansView.mbeanDomain -Dspring.application.admin.enabled=true -Dmanagement.endpoints.jmx.exposure.include=* -javaagent:E:\IntelliJ IDEA 2023.2\lib\idea_rt.jar=52180:E:\IntelliJ IDEA 2023.2\bin -Dfile.encoding=UTF-8 -Dsun.stdout.encoding=UTF-8 -Dsun.stderr.encoding=UTF-8 
java_command: com.truthwear.truthwear.TruthWearApplication
java_class_path (initial): E:\Development\TruthWear\Backend\TruthWear\target\classes;C:\Users\Tahmeer Pasha\.m2\repository\org\springframework\boot\spring-boot-starter-actuator\3.1.5\spring-boot-starter-actuator-3.1.5.jar;C:\Users\Tahmeer Pasha\.m2\repository\org\springframework\boot\spring-boot-starter\3.1.5\spring-boot-starter-3.1.5.jar;C:\Users\Tahmeer Pasha\.m2\repository\org\springframework\boot\spring-boot-starter-logging\3.1.5\spring-boot-starter-logging-3.1.5.jar;C:\Users\Tahmeer Pasha\.m2\repository\ch\qos\logback\logback-classic\1.4.11\logback-classic-1.4.11.jar;C:\Users\Tahmeer Pasha\.m2\repository\ch\qos\logback\logback-core\1.4.11\logback-core-1.4.11.jar;C:\Users\Tahmeer Pasha\.m2\repository\org\apache\logging\log4j\log4j-to-slf4j\2.20.0\log4j-to-slf4j-2.20.0.jar;C:\Users\Tahmeer Pasha\.m2\repository\org\apache\logging\log4j\log4j-api\2.20.0\log4j-api-2.20.0.jar;C:\Users\Tahmeer Pasha\.m2\repository\org\slf4j\jul-to-slf4j\2.0.9\jul-to-slf4j-2.0.9.jar;C:\Users\Tahmeer Pasha\.m2\repository\jakarta\annotation\jakarta.annotation-api\2.1.1\jakarta.annotation-api-2.1.1.jar;C:\Users\Tahmeer Pasha\.m2\repository\org\yaml\snakeyaml\1.33\snakeyaml-1.33.jar;C:\Users\Tahmeer Pasha\.m2\repository\org\springframework\boot\spring-boot-actuator-autoconfigure\3.1.5\spring-boot-actuator-autoconfigure-3.1.5.jar;C:\Users\Tahmeer Pasha\.m2\repository\org\springframework\boot\spring-boot-actuator\3.1.5\spring-boot-actuator-3.1.5.jar;C:\Users\Tahmeer Pasha\.m2\repository\com\fasterxml\jackson\datatype\jackson-datatype-jsr310\2.15.3\jackson-datatype-jsr310-2.15.3.jar;C:\Users\Tahmeer Pasha\.m2\repository\io\micrometer\micrometer-observation\1.11.5\micrometer-observation-1.11.5.jar;C:\Users\Tahmeer Pasha\.m2\repository\io\micrometer\micrometer-commons\1.11.5\micrometer-commons-1.11.5.jar;C:\Users\Tahmeer Pasha\.m2\repository\io\micrometer\micrometer-core\1.11.5\micrometer-core-1.11.5.jar;C:\Users\Tahmeer Pasha\.m2\repository\org\hdrhistogram\HdrHistogram\2.1.12\HdrHistogram-2.1.12.jar;C:\Users\Tahmeer Pasha\.m2\repository\org\latencyutils\LatencyUtils\2.0.3\LatencyUtils-2.0.3.jar;C:\Users\Tahmeer Pasha\.m2\repository\org\springframework\boot\spring-boot-starter-data-jpa\3.1.5\spring-boot-starter-data-jpa-3.1.5.jar;C:\Users\Tahmeer Pasha\.m2\repository\org\springframework\boot\spring-boot-starter-aop\3.1.5\spring-boot-starter-aop-3.1.5.jar;C:\Users\Tahmeer Pasha\.m2\repository\org\aspectj\aspectjweaver\1.9.20\aspectjweaver-1.9.20.jar;C:\Users\Tahmeer Pasha\.m2\repository\org\springframework\boot\spring-boot-starter-jdbc\3.1.5\spring-boot-starter-jdbc-3.1.5.jar;C:\Users\Tahmeer Pasha\.m2\repository\com\zaxxer\HikariCP\5.0.1\HikariCP-5.0.1.jar;C:\Users\Tahmeer Pasha\.m2\repository\org\springframework\spring-jdbc\6.0.13\spring-jdbc-6.0.13.jar;C:\Users\Tahmeer Pasha\.m2\repository\org\hibernate\orm\hibernate-core\6.2.13.Final\hibernate-core-6.2.13.Final.jar;C:\Users\Tahmeer Pasha\.m2\repository\jakarta\persistence\jakarta.persistence-api\3.1.0\jakarta.persistence-api-3.1.0.jar;C:\Users\Tahmeer Pasha\.m2\repository\jakarta\transaction\jakarta.transaction-api\2.0.1\jakarta.transaction-api-2.0.1.jar;C:\Users\Tahmeer Pasha\.m2\repository\org\jboss\logging\jboss-logging\3.5.3.Final\jboss-logging-3.5.3.Final.jar;C:\Users\Tahmeer Pasha\.m2\repository\org\hibernate\common\hibernate-commons-annotations\6.0.6.Final\hibernate-commons-annotations-6.0.6.Final.jar;C:\Users\Tahmeer Pasha\.m2\repository\io\smallrye\jandex\3.0.5\jandex-3.0.5.jar;C:\Users\Tahmeer Pasha\.m2\repository\com\fasterxml\classmate\1.5.1\classmate-1.5.1.jar;C:\Users\Tahmeer Pasha\.m2\repository\net\bytebuddy\byte-buddy\1.14.9\byte-buddy-1.14.9.jar;C:\Users\Tahmeer Pasha\.m2\repository\org\glassfish\jaxb\jaxb-runtime\4.0.3\jaxb-runtime-4.0.3.jar;C:\Users\Tahmeer Pasha\.m2\repository\org\glassfish\jaxb\jaxb-core\4.0.3\jaxb-core-4.0.3.jar;C:\Users\Tahmeer Pasha\.m2\repository\org\eclipse\angus\angus-activation\2.0.1\angus-activation-2.0.1.jar;C:\Users\Tahmeer Pasha\.m2\repository\org\glassfish\jaxb\txw2\4.0.3\txw2-4.0.3.jar;C:\Users\Tahmeer Pasha\.m2\repository\com\sun\istack\istack-commons-runtime\4.1.2\istack-commons-runtime-4.1.2.jar;C:\Users\Tahmeer Pasha\.m2\repository\jakarta\inject\jakarta.inject-api\2.0.1\jakarta.inject-api-2.0.1.jar;C:\Users\Tahmeer Pasha\.m2\repository\org\antlr\antlr4-runtime\4.10.1\antlr4-runtime-4.10.1.jar;C:\Users\Tahmeer Pasha\.m2\repository\org\springframework\data\spring-data-jpa\3.1.5\spring-data-jpa-3.1.5.jar;C:\Users\Tahmeer Pasha\.m2\repository\org\springframework\data\spring-data-commons\3.1.5\spring-data-commons-3.1.5.jar;C:\Users\Tahmeer Pasha\.m2\repository\org\springframework\spring-orm\6.0.13\spring-orm-6.0.13.jar;C:\Users\Tahmeer Pasha\.m2\repository\org\springframework\spring-context\6.0.13\spring-context-6.0.13.jar;C:\Users\Tahmeer Pasha\.m2\repository\org\springframework\spring-tx\6.0.13\spring-tx-6.0.13.jar;C:\Users\Tahmeer Pasha\.m2\repository\org\springframework\spring-beans\6.0.13\spring-beans-6.0.13.jar;C:\Users\Tahmeer Pasha\.m2\repository\org\slf4j\slf4j-api\2.0.9\slf4j-api-2.0.9.jar;C:\Users\Tahmeer Pasha\.m2\repository\org\springframework\spring-aspects\6.0.13\spring-aspects-6.0.13.jar;C:\Users\Tahmeer Pasha\.m2\repository\org\springframework\boot\spring-boot-starter-security\3.1.5\spring-boot-starter-security-3.1.5.jar;C:\Users\Tahmeer Pasha\.m2\repository\org\springframework\spring-aop\6.0.13\spring-aop-6.0.13.jar;C:\Users\Tahmeer Pasha\.m2\repository\org\springframework\security\spring-security-config\6.1.5\spring-security-config-6.1.5.jar;C:\Users\Tahmeer Pasha\.m2\repository\org\springframework\security\spring-security-web\6.1.5\spring-security-web-6.1.5.jar;C:\Users\Tahmeer Pasha\.m2\repository\org\springframework\spring-expression\6.0.13\spring-expression-6.0.13.jar;C:\Users\Tahmeer Pasha\.m2\repository\org\springframework\boot\spring-boot-starter-web\3.1.5\spring-boot-starter-web-3.1.5.jar;C:\Users\Tahmeer Pasha\.m2\repository\org\springframework\boot\spring-boot-starter-json\3.1.5\spring-boot-starter-json-3.1.5.jar;C:\Users\Tahmeer Pasha\.m2\repository\com\fasterxml\jackson\datatype\jackson-datatype-jdk8\2.15.3\jackson-datatype-jdk8-2.15.3.jar;C:\Users\Tahmeer Pasha\.m2\repository\com\fasterxml\jackson\module\jackson-module-parameter-names\2.15.3\jackson-module-parameter-names-2.15.3.jar;C:\Users\Tahmeer Pasha\.m2\repository\org\springframework\boot\spring-boot-starter-tomcat\3.1.5\spring-boot-starter-tomcat-3.1.5.jar;C:\Users\Tahmeer Pasha\.m2\repository\org\apache\tomcat\embed\tomcat-embed-core\10.1.15\tomcat-embed-core-10.1.15.jar;C:\Users\Tahmeer Pasha\.m2\repository\org\apache\tomcat\embed\tomcat-embed-el\10.1.15\tomcat-embed-el-10.1.15.jar;C:\Users\Tahmeer Pasha\.m2\repository\org\apache\tomcat\embed\tomcat-embed-websocket\10.1.15\tomcat-embed-websocket-10.1.15.jar;C:\Users\Tahmeer Pasha\.m2\repository\org\springframework\spring-web\6.0.13\spring-web-6.0.13.jar;C:\Users\Tahmeer Pasha\.m2\repository\org\springframework\spring-webmvc\6.0.13\spring-webmvc-6.0.13.jar;C:\Users\Tahmeer Pasha\.m2\repository\org\projectlombok\lombok\1.18.30\lombok-1.18.30.jar;C:\Users\Tahmeer Pasha\.m2\repository\org\springframework\boot\spring-boot-devtools\3.1.5\spring-boot-devtools-3.1.5.jar;C:\Users\Tahmeer Pasha\.m2\repository\org\springframework\boot\spring-boot\3.1.5\spring-boot-3.1.5.jar;C:\Users\Tahmeer Pasha\.m2\repository\org\springframework\boot\spring-boot-autoconfigure\3.1.5\spring-boot-autoconfigure-3.1.5.jar;C:\Users\Tahmeer Pasha\.m2\repository\com\mysql\mysql-connector-j\8.0.33\mysql-connector-j-8.0.33.jar;C:\Users\Tahmeer Pasha\.m2\repository\io\jsonwebtoken\jjwt-api\0.11.5\jjwt-api-0.11.5.jar;C:\Users\Tahmeer Pasha\.m2\repository\io\jsonwebtoken\jjwt-impl\0.11.5\jjwt-impl-0.11.5.jar;C:\Users\Tahmeer Pasha\.m2\repository\io\jsonwebtoken\jjwt-jackson\0.11.5\jjwt-jackson-0.11.5.jar;C:\Users\Tahmeer Pasha\.m2\repository\com\fasterxml\jackson\core\jackson-databind\2.15.3\jackson-databind-2.15.3.jar;C:\Users\Tahmeer Pasha\.m2\repository\com\fasterxml\jackson\core\jackson-annotations\2.15.3\jackson-annotations-2.15.3.jar;C:\Users\Tahmeer Pasha\.m2\repository\com\fasterxml\jackson\core\jackson-core\2.15.3\jackson-core-2.15.3.jar;C:\Users\Tahmeer Pasha\.m2\repository\jakarta\xml\bind\jakarta.xml.bind-api\4.0.1\jakarta.xml.bind-api-4.0.1.jar;C:\Users\Tahmeer Pasha\.m2\repository\jakarta\activation\jakarta.activation-api\2.1.2\jakarta.activation-api-2.1.2.jar;C:\Users\Tahmeer Pasha\.m2\repository\org\springframework\spring-core\6.0.13\spring-core-6.0.13.jar;C:\Users\Tahmeer Pasha\.m2\repository\org\springframework\spring-jcl\6.0.13\spring-jcl-6.0.13.jar;C:\Users\Tahmeer Pasha\.m2\repository\org\springframework\security\spring-security-core\6.1.5\spring-security-core-6.1.5.jar;C:\Users\Tahmeer Pasha\.m2\repository\org\springframework\security\spring-security-crypto\6.1.5\spring-security-crypto-6.1.5.jar
Launcher Type: SUN_STANDARD

[Global flags]
     intx CICompilerCount                          = 4                                         {product} {ergonomic}
     uint ConcGCThreads                            = 3                                         {product} {ergonomic}
     uint G1ConcRefinementThreads                  = 10                                        {product} {ergonomic}
   size_t G1HeapRegionSize                         = 1048576                                   {product} {ergonomic}
    uintx GCDrainStackTargetSize                   = 64                                        {product} {ergonomic}
   size_t InitialHeapSize                          = 98566144                                  {product} {ergonomic}
     bool ManagementServer                         = true                                      {product} {command line}
   size_t MarkStackSize                            = 4194304                                   {product} {ergonomic}
   size_t MaxHeapSize                              = 1570766848                                {product} {ergonomic}
   size_t MaxNewSize                               = 941621248                                 {product} {ergonomic}
   size_t MinHeapDeltaBytes                        = 1048576                                   {product} {ergonomic}
   size_t MinHeapSize                              = 8388608                                   {product} {ergonomic}
    uintx NonProfiledCodeHeapSize                  = 0                                      {pd product} {ergonomic}
     bool ProfileInterpreter                       = false                                  {pd product} {command line}
    uintx ProfiledCodeHeapSize                     = 0                                      {pd product} {ergonomic}
   size_t SoftMaxHeapSize                          = 1570766848                             {manageable} {ergonomic}
     intx TieredStopAtLevel                        = 1                                         {product} {command line}
     bool UseCompressedClassPointers               = true                           {product lp64_product} {ergonomic}
     bool UseCompressedOops                        = true                           {product lp64_product} {ergonomic}
     bool UseG1GC                                  = true                                      {product} {ergonomic}
     bool UseLargePagesIndividualAllocation        = false                                  {pd product} {ergonomic}

Logging:
Log output configuration:
 #0: stdout all=warning uptime,level,tags foldmultilines=false
 #1: stderr all=off uptime,level,tags foldmultilines=false

Environment Variables:
JAVA_HOME=C:\Program Files\Java\jdk-19
PATH=C:\Python312\Scripts\;C:\Python312\;C:\Program Files\Common Files\Oracle\Java\javapath;C:\Program Files\Python38\Scripts\;C:\Program Files\Python38\;C:\WINDOWS\system32;C:\WINDOWS;C:\WINDOWS\System32\Wbem;C:\WINDOWS\System32\WindowsPowerShell\v1.0\;C:\WINDOWS\System32\OpenSSH\;C:\Program Files\dotnet\;C:\Program Files\Docker\Docker\resources\bin;C:\Program Files\nodejs\;C:\ProgramData\chocolatey\bin;C:\Program Files\Apache Software Foundation\apache-maven-3.9.5\bin;C:\Program Files\Git\cmd;C:\Users\Tahmeer Pasha\.console-ninja\.bin;C:\Program Files\MySQL\MySQL Shell 8.0\bin\;C:\Users\Tahmeer Pasha\AppData\Local\Microsoft\WindowsApps;C:\Users\Tahmeer Pasha\AppData\Local\GitHubDesktop\bin;C:\Users\Tahmeer Pasha\AppData\Local\Programs\Microsoft VS Code\bin;C:\Program Files\JetBrains\PyCharm Edu 222.4167.41\bin;;C:\src\flutter\bin;C:\Program Files\JetBrains\IntelliJ IDEA Community Edition 2022.3.2\bin;E:\IntelliJ IDEA 2023.2\bin;E:\WebStorm 2023.2\bin;C:\Users\Tahmeer Pasha\AppData\Roaming\npm;%USERPROFILE%\AppData\Local\Microsoft\WindowsApps
USERNAME=Tahmeer Pasha
OS=Windows_NT
PROCESSOR_IDENTIFIER=AMD64 Family 23 Model 104 Stepping 1, AuthenticAMD
TMP=C:\Users\TAHMEE~1\AppData\Local\Temp
TEMP=C:\Users\TAHMEE~1\AppData\Local\Temp



---------------  S Y S T E M  ---------------

OS:
 Windows 11 , 64 bit Build 22621 (10.0.22621.2506)
OS uptime: 1 days 17:44 hours
Hyper-V role detected

CPU: total 12 (initial active 12) (12 cores per cpu, 2 threads per core) family 23 model 104 stepping 1 microcode 0x0, cx8, cmov, fxsr, ht, mmx, 3dnowpref, sse, sse2, sse3, ssse3, sse4a, sse4.1, sse4.2, popcnt, lzcnt, tsc, tscinvbit, avx, avx2, aes, clmul, bmi1, bmi2, adx, sha, fma, vzeroupper, clflush, clflushopt, hv, rdtscp, rdpid

Memory: 4k page, system-wide physical 5989M (45M free)
TotalPageFile size 24421M (AvailPageFile size 0M)
current process WorkingSet (physical memory assigned to process): 98M, peak: 212M
current process commit charge ("private bytes"): 289M, peak: 300M

vm_info: Java HotSpot(TM) 64-Bit Server VM (19+36-2238) for windows-amd64 JRE (19+36-2238), built on 2022-08-12T20:29:01Z by "mach5one" with MS VC++ 17.1 (VS2022)

END.
